<?xml version="1.0" encoding="UTF-8"?>
<!-- Generated by org.testng.reporters.JUnitXMLReporter -->
<testsuite ignored="0" hostname="Arjun" failures="0" tests="3" name="Test" time="53.748" errors="0" timestamp="2024-05-21T14:04:19 IST">
  <testcase classname="com.comcast.crm.createproducttest.ProductTest" name="createProduct" time="9.971"/>
  <testcase classname="com.comcast.crm.createproducttest.ProductTest" name="createProductWithManufacturer" time="9.645"/>
  <testcase classname="com.comcast.crm.createproducttest.ProductTest" name="createProductWithProductCategory" time="9.18"/>
</testsuite> <!-- Test -->
