<?xml version="1.0" encoding="UTF-8"?>
<testng-results ignored="0" total="1" passed="1" failed="0" skipped="0">
  <reporter-output>
  </reporter-output>
  <suite started-at="2024-05-22T22:12:54 IST" name="Default suite" finished-at="2024-05-22T22:12:54 IST" duration-ms="97">
    <groups>
    </groups>
    <test started-at="2024-05-22T22:12:54 IST" name="Default test" finished-at="2024-05-22T22:12:54 IST" duration-ms="97">
      <class name="practise.TimeProgram">
        <test-method signature="getDateAndTime()[pri:0, instance:practise.TimeProgram@1cbb87f3]" started-at="2024-05-22T22:12:54 IST" name="getDateAndTime" finished-at="2024-05-22T22:12:54 IST" duration-ms="73" status="PASS">
          <reporter-output>
          </reporter-output>
        </test-method> <!-- getDateAndTime -->
      </class> <!-- practise.TimeProgram -->
    </test> <!-- Default test -->
  </suite> <!-- Default suite -->
</testng-results>
